sample/build/outputs/logs/manifest-merger-debug-report.txt
-- Merging decision tree log ---
manifest
ADDED from src/main/AndroidManifest.xml:2:1-240:12
INJECTED from src/main/AndroidManifest.xml:2:1-240:12
INJECTED from src/main/AndroidManifest.xml:2:1-240:12
INJECTED from src/main/AndroidManifest.xml:2:1-240:12
MERGED from [:library] AndroidManifest.xml:2:1-14:12
MERGED from [com.android.support:appcompat-v7:25.3.1] AndroidManifest.xml:17:1-31:12
MERGED from [com.android.support:recyclerview-v7:25.3.1] AndroidManifest.xml:17:1-26:12
MERGED from [com.jakewharton:butterknife:8.5.1] AndroidManifest.xml:2:1-7:12
MERGED from [com.android.support:support-v4:25.3.1] AndroidManifest.xml:17:1-31:12
MERGED from [com.android.support:animated-vector-drawable:25.3.1] AndroidManifest.xml:17:1-28:12
MERGED from [com.android.support:support-vector-drawable:25.3.1] AndroidManifest.xml:17:1-28:12
MERGED from [com.android.support:support-fragment:25.3.1] AndroidManifest.xml:17:1-31:12
MERGED from [com.android.support:support-core-ui:25.3.1] AndroidManifest.xml:17:1-31:12
MERGED from [com.android.support:support-media-compat:25.3.1] AndroidManifest.xml:17:1-31:12
MERGED from [com.android.support:support-core-utils:25.3.1] AndroidManifest.xml:17:1-31:12
MERGED from [com.android.support:support-compat:25.3.1] AndroidManifest.xml:17:1-31:12
INJECTED from src/main/AndroidManifest.xml:2:1-240:12
INJECTED from src/main/AndroidManifest.xml:2:1-240:12
INJECTED from src/main/AndroidManifest.xml:2:1-240:12
	package
		ADDED from src/main/AndroidManifest.xml:3:5-54
		INJECTED from src/main/AndroidManifest.xml
		INJECTED from src/main/AndroidManifest.xml
	android:versionName
		INJECTED from src/main/AndroidManifest.xml
		INJECTED from src/main/AndroidManifest.xml
	android:versionCode
		INJECTED from src/main/AndroidManifest.xml
		INJECTED from src/main/AndroidManifest.xml
	xmlns:android
		ADDED from src/main/AndroidManifest.xml:2:11-69
application
ADDED from src/main/AndroidManifest.xml:6:5-238:19
MERGED from [:library] AndroidManifest.xml:12:5-20
MERGED from [:library] AndroidManifest.xml:12:5-20
MERGED from [com.android.support:appcompat-v7:25.3.1] AndroidManifest.xml:29:5-20
MERGED from [com.android.support:appcompat-v7:25.3.1] AndroidManifest.xml:29:5-20
MERGED from [com.android.support:support-v4:25.3.1] AndroidManifest.xml:29:5-20
MERGED from [com.android.support:support-v4:25.3.1] AndroidManifest.xml:29:5-20
MERGED from [com.android.support:animated-vector-drawable:25.3.1] AndroidManifest.xml:26:5-20
MERGED from [com.android.support:animated-vector-drawable:25.3.1] AndroidManifest.xml:26:5-20
MERGED from [com.android.support:support-vector-drawable:25.3.1] AndroidManifest.xml:26:5-20
MERGED from [com.android.support:support-vector-drawable:25.3.1] AndroidManifest.xml:26:5-20
MERGED from [com.android.support:support-fragment:25.3.1] AndroidManifest.xml:29:5-20
MERGED from [com.android.support:support-fragment:25.3.1] AndroidManifest.xml:29:5-20
MERGED from [com.android.support:support-core-ui:25.3.1] AndroidManifest.xml:29:5-20
MERGED from [com.android.support:support-core-ui:25.3.1] AndroidManifest.xml:29:5-20
MERGED from [com.android.support:support-media-compat:25.3.1] AndroidManifest.xml:29:5-20
MERGED from [com.android.support:support-media-compat:25.3.1] AndroidManifest.xml:29:5-20
MERGED from [com.android.support:support-core-utils:25.3.1] AndroidManifest.xml:29:5-20
MERGED from [com.android.support:support-core-utils:25.3.1] AndroidManifest.xml:29:5-20
MERGED from [com.android.support:support-compat:25.3.1] AndroidManifest.xml:29:5-20
MERGED from [com.android.support:support-compat:25.3.1] AndroidManifest.xml:29:5-20
	android:supportsRtl
		ADDED from src/main/AndroidManifest.xml:7:9-35
	android:label
		ADDED from src/main/AndroidManifest.xml:10:9-41
	android:icon
		ADDED from src/main/AndroidManifest.xml:9:9-43
	android:allowBackup
		ADDED from src/main/AndroidManifest.xml:8:9-35
	android:theme
		ADDED from src/main/AndroidManifest.xml:11:9-40
activity#com.zealous.materialcalendarview.sample.MainActivity
ADDED from src/main/AndroidManifest.xml:13:9-22:20
	android:label
		ADDED from src/main/AndroidManifest.xml:15:13-45
	android:name
		ADDED from src/main/AndroidManifest.xml:14:13-80
intent-filter#android.intent.action.MAIN+android.intent.category.LAUNCHER
ADDED from src/main/AndroidManifest.xml:17:13-21:29
action#android.intent.action.MAIN
ADDED from src/main/AndroidManifest.xml:18:17-69
	android:name
		ADDED from src/main/AndroidManifest.xml:18:25-66
category#android.intent.category.LAUNCHER
ADDED from src/main/AndroidManifest.xml:20:17-77
	android:name
		ADDED from src/main/AndroidManifest.xml:20:27-74
activity#com.zealous.materialcalendarview.sample.OldCalendarViewActivity
ADDED from src/main/AndroidManifest.xml:24:9-40:20
	android:parentActivityName
		ADDED from src/main/AndroidManifest.xml:27:13-94
	android:label
		ADDED from src/main/AndroidManifest.xml:26:13-64
	android:name
		ADDED from src/main/AndroidManifest.xml:25:13-91
meta-data#android.support.PARENT_ACTIVITY
ADDED from src/main/AndroidManifest.xml:30:13-33:19
	android:value
		ADDED from src/main/AndroidManifest.xml:32:17-85
	android:name
		ADDED from src/main/AndroidManifest.xml:31:17-63
intent-filter#android.intent.action.RUN+com.zealous.materialcalendarview.sample.SAMPLE
ADDED from src/main/AndroidManifest.xml:35:13-38:29
action#android.intent.action.RUN
ADDED from src/main/AndroidManifest.xml:36:17-68
	android:name
		ADDED from src/main/AndroidManifest.xml:36:25-65
category#com.zealous.materialcalendarview.sample.SAMPLE
ADDED from src/main/AndroidManifest.xml:37:17-91
	android:name
		ADDED from src/main/AndroidManifest.xml:37:27-88
activity#com.zealous.materialcalendarview.sample.BasicActivity
ADDED from src/main/AndroidManifest.xml:42:9-58:20
	android:parentActivityName
		ADDED from src/main/AndroidManifest.xml:45:13-94
	android:label
		ADDED from src/main/AndroidManifest.xml:44:13-57
	android:name
		ADDED from src/main/AndroidManifest.xml:43:13-81
activity#com.zealous.materialcalendarview.sample.BasicActivityDecorated
ADDED from src/main/AndroidManifest.xml:60:9-76:20
	android:parentActivityName
		ADDED from src/main/AndroidManifest.xml:63:13-94
	android:label
		ADDED from src/main/AndroidManifest.xml:62:13-62
	android:name
		ADDED from src/main/AndroidManifest.xml:61:13-90
activity#com.zealous.materialcalendarview.sample.SwappableBasicActivityDecorated
ADDED from src/main/AndroidManifest.xml:78:9-94:20
	android:parentActivityName
		ADDED from src/main/AndroidManifest.xml:81:13-94
	android:label
		ADDED from src/main/AndroidManifest.xml:80:13-63
	android:name
		ADDED from src/main/AndroidManifest.xml:79:13-99
activity#com.zealous.materialcalendarview.sample.DisableDaysActivity
ADDED from src/main/AndroidManifest.xml:96:9-112:20
	android:parentActivityName
		ADDED from src/main/AndroidManifest.xml:99:13-94
	android:label
		ADDED from src/main/AndroidManifest.xml:98:13-59
	android:name
		ADDED from src/main/AndroidManifest.xml:97:13-87
activity#com.zealous.materialcalendarview.sample.CustomizeXmlActivity
ADDED from src/main/AndroidManifest.xml:114:9-130:20
	android:parentActivityName
		ADDED from src/main/AndroidManifest.xml:117:13-94
	android:label
		ADDED from src/main/AndroidManifest.xml:116:13-65
	android:name
		ADDED from src/main/AndroidManifest.xml:115:13-88
activity#com.zealous.materialcalendarview.sample.CustomizeCodeActivity
ADDED from src/main/AndroidManifest.xml:132:9-148:20
	android:parentActivityName
		ADDED from src/main/AndroidManifest.xml:135:13-94
	android:label
		ADDED from src/main/AndroidManifest.xml:134:13-66
	android:name
		ADDED from src/main/AndroidManifest.xml:133:13-89
activity#com.zealous.materialcalendarview.sample.DynamicSettersActivity
ADDED from src/main/AndroidManifest.xml:150:9-166:20
	android:parentActivityName
		ADDED from src/main/AndroidManifest.xml:153:13-94
	android:label
		ADDED from src/main/AndroidManifest.xml:152:13-67
	android:name
		ADDED from src/main/AndroidManifest.xml:151:13-90
activity#com.zealous.materialcalendarview.sample.CustomTileDimensions
ADDED from src/main/AndroidManifest.xml:168:9-184:20
	android:parentActivityName
		ADDED from src/main/AndroidManifest.xml:171:13-94
	android:label
		ADDED from src/main/AndroidManifest.xml:170:13-68
	android:name
		ADDED from src/main/AndroidManifest.xml:169:13-88
activity#com.zealous.materialcalendarview.sample.DialogsActivity
ADDED from src/main/AndroidManifest.xml:186:9-202:20
	android:parentActivityName
		ADDED from src/main/AndroidManifest.xml:189:13-94
	android:label
		ADDED from src/main/AndroidManifest.xml:188:13-59
	android:name
		ADDED from src/main/AndroidManifest.xml:187:13-83
activity#com.zealous.materialcalendarview.sample.MultipleViewActivity
ADDED from src/main/AndroidManifest.xml:204:9-219:20
	android:parentActivityName
		ADDED from src/main/AndroidManifest.xml:207:13-94
	android:label
		ADDED from src/main/AndroidManifest.xml:206:13-65
	android:name
		ADDED from src/main/AndroidManifest.xml:205:13-88
activity#com.zealous.materialcalendarview.sample.MultipleSizeActivity
ADDED from src/main/AndroidManifest.xml:221:9-236:20
	android:parentActivityName
		ADDED from src/main/AndroidManifest.xml:224:13-94
	android:label
		ADDED from src/main/AndroidManifest.xml:223:13-65
	android:name
		ADDED from src/main/AndroidManifest.xml:222:13-88
uses-sdk
INJECTED from src/main/AndroidManifest.xml reason: use-sdk injection requested
INJECTED from src/main/AndroidManifest.xml
INJECTED from src/main/AndroidManifest.xml
MERGED from [:library] AndroidManifest.xml:8:5-10:41
MERGED from [:library] AndroidManifest.xml:8:5-10:41
MERGED from [com.android.support:appcompat-v7:25.3.1] AndroidManifest.xml:21:5-23:78
MERGED from [com.android.support:appcompat-v7:25.3.1] AndroidManifest.xml:21:5-23:78
MERGED from [com.android.support:recyclerview-v7:25.3.1] AndroidManifest.xml:20:5-43
MERGED from [com.android.support:recyclerview-v7:25.3.1] AndroidManifest.xml:20:5-43
MERGED from [com.jakewharton:butterknife:8.5.1] AndroidManifest.xml:5:5-43
MERGED from [com.jakewharton:butterknife:8.5.1] AndroidManifest.xml:5:5-43
MERGED from [com.android.support:support-v4:25.3.1] AndroidManifest.xml:21:5-23:54
MERGED from [com.android.support:support-v4:25.3.1] AndroidManifest.xml:21:5-23:54
MERGED from [com.android.support:animated-vector-drawable:25.3.1] AndroidManifest.xml:20:5-44
MERGED from [com.android.support:animated-vector-drawable:25.3.1] AndroidManifest.xml:20:5-44
MERGED from [com.android.support:support-vector-drawable:25.3.1] AndroidManifest.xml:20:5-43
MERGED from [com.android.support:support-vector-drawable:25.3.1] AndroidManifest.xml:20:5-43
MERGED from [com.android.support:support-fragment:25.3.1] AndroidManifest.xml:21:5-23:60
MERGED from [com.android.support:support-fragment:25.3.1] AndroidManifest.xml:21:5-23:60
MERGED from [com.android.support:support-core-ui:25.3.1] AndroidManifest.xml:21:5-23:58
MERGED from [com.android.support:support-core-ui:25.3.1] AndroidManifest.xml:21:5-23:58
MERGED from [com.android.support:support-media-compat:25.3.1] AndroidManifest.xml:21:5-23:63
MERGED from [com.android.support:support-media-compat:25.3.1] AndroidManifest.xml:21:5-23:63
MERGED from [com.android.support:support-core-utils:25.3.1] AndroidManifest.xml:21:5-23:61
MERGED from [com.android.support:support-core-utils:25.3.1] AndroidManifest.xml:21:5-23:61
MERGED from [com.android.support:support-compat:25.3.1] AndroidManifest.xml:21:5-23:58
MERGED from [com.android.support:support-compat:25.3.1] AndroidManifest.xml:21:5-23:58
INJECTED from src/main/AndroidManifest.xml
INJECTED from src/main/AndroidManifest.xml
	tools:overrideLibrary
		ADDED from [com.android.support:appcompat-v7:25.3.1] AndroidManifest.xml:23:9-75
	android:targetSdkVersion
		INJECTED from src/main/AndroidManifest.xml
		INJECTED from src/main/AndroidManifest.xml
	android:minSdkVersion
		INJECTED from src/main/AndroidManifest.xml
		INJECTED from src/main/AndroidManifest.xml
meta-data#android.support.VERSION
ADDED from [com.android.support:appcompat-v7:25.3.1] AndroidManifest.xml:25:5-27:34
MERGED from [com.android.support:recyclerview-v7:25.3.1] AndroidManifest.xml:22:5-24:34
MERGED from [com.android.support:recyclerview-v7:25.3.1] AndroidManifest.xml:22:5-24:34
MERGED from [com.android.support:support-v4:25.3.1] AndroidManifest.xml:25:5-27:34
MERGED from [com.android.support:support-v4:25.3.1] AndroidManifest.xml:25:5-27:34
MERGED from [com.android.support:animated-vector-drawable:25.3.1] AndroidManifest.xml:22:5-24:34
MERGED from [com.android.support:animated-vector-drawable:25.3.1] AndroidManifest.xml:22:5-24:34
MERGED from [com.android.support:support-vector-drawable:25.3.1] AndroidManifest.xml:22:5-24:34
MERGED from [com.android.support:support-vector-drawable:25.3.1] AndroidManifest.xml:22:5-24:34
MERGED from [com.android.support:support-fragment:25.3.1] AndroidManifest.xml:25:5-27:34
MERGED from [com.android.support:support-fragment:25.3.1] AndroidManifest.xml:25:5-27:34
MERGED from [com.android.support:support-core-ui:25.3.1] AndroidManifest.xml:25:5-27:34
MERGED from [com.android.support:support-core-ui:25.3.1] AndroidManifest.xml:25:5-27:34
MERGED from [com.android.support:support-media-compat:25.3.1] AndroidManifest.xml:25:5-27:34
MERGED from [com.android.support:support-media-compat:25.3.1] AndroidManifest.xml:25:5-27:34
MERGED from [com.android.support:support-core-utils:25.3.1] AndroidManifest.xml:25:5-27:34
MERGED from [com.android.support:support-core-utils:25.3.1] AndroidManifest.xml:25:5-27:34
MERGED from [com.android.support:support-compat:25.3.1] AndroidManifest.xml:25:5-27:34
MERGED from [com.android.support:support-compat:25.3.1] AndroidManifest.xml:25:5-27:34
	android:value
		ADDED from [com.android.support:appcompat-v7:25.3.1] AndroidManifest.xml:27:9-31
	android:name
		ADDED from [com.android.support:appcompat-v7:25.3.1] AndroidManifest.xml:26:9-47